<?xml version="1.0" encoding="UTF-8"?>
<!-- Generated by org.testng.reporters.JUnitReportReporter -->
<testsuite hostname="LT-RSR28" name="testcases.module.login.LoginTest" tests="1" failures="0" timestamp="3 Oct 2015 03:53:31 GMT" time="39.705" errors="0">
  <testcase name="testcaseone" time="39.705" classname="testcases.module.login.LoginTest"/>
</testsuite> <!-- testcases.module.login.LoginTest -->
