<?xml version="1.0" encoding="UTF-8"?>
<!-- Generated by org.testng.reporters.JUnitReportReporter -->
<testsuite hostname="LT-RSR28" name="testcases.module.login.LoginTest" tests="1" failures="0" timestamp="2 Oct 2015 07:29:57 GMT" time="15.266" errors="0">
  <testcase name="testcaseone" time="15.266" classname="testcases.module.login.LoginTest"/>
</testsuite> <!-- testcases.module.login.LoginTest -->
