<?xml version="1.0" encoding="UTF-8"?>
<!-- Generated by org.testng.reporters.JUnitReportReporter -->
<testsuite hostname="LT-RSR28" name="testcases.module.login.LoginTest" tests="1" failures="0" timestamp="3 Oct 2015 05:11:32 GMT" time="32.727" errors="0">
  <testcase name="testcaseone" time="32.727" classname="testcases.module.login.LoginTest"/>
</testsuite> <!-- testcases.module.login.LoginTest -->
