<?xml version="1.0" encoding="UTF-8"?>
<!-- Generated by org.testng.reporters.JUnitReportReporter -->
<testsuite hostname="LT-RSR28" name="baseclass.InitializeWebDriver" tests="1" failures="0" timestamp="2 Oct 2015 03:20:38 GMT" time="3.917" errors="0">
  <testcase name="name" time="3.917" classname="baseclass.InitializeWebDriver"/>
</testsuite> <!-- baseclass.InitializeWebDriver -->
